La génération a démarré 13/05/2013 17:13:55.
     1>Projet "C:\Users\Vallet\Documents\Dev\animation-character-identification\aci\animation-character-identification.vcxproj" sur le nœud 2 (build cible(s)).
     1>InitializeBuildStatus:
         Création de "Debug\animation-character-identification.unsuccessfulbuild", car "AlwaysCreate" a été spécifié.
       ClCompile:
         c:\Program Files (x86)\Microsoft Visual Studio 10.0\VC\bin\CL.exe /c /Zi /nologo /W3 /WX- /Od /Oy- /D WIN32 /D _DEBUG /D _CONSOLE /Gm /EHsc /RTC1 /MDd /GS /fp:precise /Zc:wchar_t /Zc:forScope /Fo"Debug\\" /Fd"Debug\vcWindows7.1SDK.pdb" /Gd /TP /analyze- /errorReport:prompt Kernels.cpp
         Kernels.cpp
       Link:
         c:\Program Files (x86)\Microsoft Visual Studio 10.0\VC\bin\link.exe /ERRORREPORT:PROMPT /OUT:"C:\Users\Vallet\Documents\Dev\animation-character-identification\aci\Debug\animation-character-identification.exe" /INCREMENTAL:NO /NOLOGO /LIBPATH:..\vendors\ARPACK\lib /LIBPATH:..\vendors\opencv\lib opencv_core244d.lib opencv_imgproc244d.lib opencv_highgui244d.lib opencv_ml244d.lib opencv_video244d.lib opencv_features2d244d.lib opencv_calib3d244d.lib opencv_objdetect244d.lib opencv_contrib244d.lib opencv_legacy244d.lib opencv_flann244d.lib arpack_win32.lib kernel32.lib user32.lib gdi32.lib winspool.lib comdlg32.lib advapi32.lib shell32.lib ole32.lib oleaut32.lib uuid.lib odbc32.lib odbccp32.lib /MANIFEST /ManifestFile:"Debug\animation-character-identification.exe.intermediate.manifest" /MANIFESTUAC:"level='asInvoker' uiAccess='false'" /DEBUG /PDB:"C:\Users\Vallet\Documents\Dev\animation-character-identification\aci\Debug\animation-character-identification.pdb" /SUBSYSTEM:CONSOLE /TLBID:1 /DYNAMICBASE /NXCOMPAT /IMPLIB:"C:\Users\Vallet\Documents\Dev\animation-character-identification\aci\Debug\animation-character-identification.lib" /MACHINE:X86 Debug\DisjointSet.obj
         Debug\Felzenszwalb.obj
         Debug\GraphPartitions.obj
         Debug\GraphSpectra.obj
         Debug\GraphSpectraTest.obj
         Debug\ImageGraphs.obj
         Debug\ImageGraphsTest.obj
         Debug\Kernels.obj
         Debug\KuwaharaFilter.obj
         Debug\main.obj
         Debug\Segmentation.obj
         Debug\SegmentationGraph.obj
         Debug\SegmentAttributes.obj
         Debug\SegmentAttributesTest.obj
         Debug\SpectrumDistanceClassifier.obj
         Debug\SpectrumDistanceClassifierTest.obj
         Debug\TrainableStatModel.obj
         Debug\TreeWalkKernel.obj
         Debug\Utils.obj
         Debug\WeightedGraph.obj
         animation-character-identification.vcxproj -> C:\Users\Vallet\Documents\Dev\animation-character-identification\aci\Debug\animation-character-identification.exe
       Manifest:
         C:\Program Files\Microsoft SDKs\Windows\v7.1\bin\mt.exe /nologo /verbose /outputresource:"C:\Users\Vallet\Documents\Dev\animation-character-identification\aci\Debug\animation-character-identification.exe;#1" /manifest "Debug\animation-character-identification.exe.intermediate.manifest"
       FinalizeBuildStatus:
         Suppression du fichier "Debug\animation-character-identification.unsuccessfulbuild".
         Mise à jour de l'horodatage "Debug\animation-character-identification.lastbuildstate".
     1>Génération du projet "C:\Users\Vallet\Documents\Dev\animation-character-identification\aci\animation-character-identification.vcxproj" terminée (build cible(s)).

La génération a réussi.

Temps écoulé 00:00:06.40
