C:\USERS\VALLET\DOCUMENTS\DEV\ANIMATION-CHARACTER-IDENTIFICATION\ACI\RELEASE\ANIMATION-CHARACTER-IDENTIFICATION.EXE
C:\Users\Vallet\Documents\Dev\animation-character-identification\aci\Release\animation-character-identification.exe.CodeAnalysisLog.xml
C:\USERS\VALLET\DOCUMENTS\DEV\ANIMATION-CHARACTER-IDENTIFICATION\ACI\RELEASE\ANIMATION-CHARACTER-IDENTIFICATION.EXE.INTERMEDIATE.MANIFEST
C:\Users\Vallet\Documents\Dev\animation-character-identification\aci\Release\animation-character-identification.exe.lastcodeanalysissucceeded
C:\USERS\VALLET\DOCUMENTS\DEV\ANIMATION-CHARACTER-IDENTIFICATION\ACI\RELEASE\ANIMATION-CHARACTER-IDENTIFICATION.PDB
C:\Users\Vallet\Documents\Dev\animation-character-identification\aci\Release\cl.command.1.tlog
C:\Users\Vallet\Documents\Dev\animation-character-identification\aci\Release\CL.read.1.tlog
C:\Users\Vallet\Documents\Dev\animation-character-identification\aci\Release\CL.write.1.tlog
C:\USERS\VALLET\DOCUMENTS\DEV\ANIMATION-CHARACTER-IDENTIFICATION\ACI\RELEASE\DISJOINTSET.OBJ
C:\USERS\VALLET\DOCUMENTS\DEV\ANIMATION-CHARACTER-IDENTIFICATION\ACI\RELEASE\FELZENSZWALB.OBJ
C:\USERS\VALLET\DOCUMENTS\DEV\ANIMATION-CHARACTER-IDENTIFICATION\ACI\RELEASE\GRAPHPARTITIONS.OBJ
C:\USERS\VALLET\DOCUMENTS\DEV\ANIMATION-CHARACTER-IDENTIFICATION\ACI\RELEASE\GRAPHSPECTRA.OBJ
C:\USERS\VALLET\DOCUMENTS\DEV\ANIMATION-CHARACTER-IDENTIFICATION\ACI\RELEASE\GRAPHSPECTRATEST.OBJ
C:\USERS\VALLET\DOCUMENTS\DEV\ANIMATION-CHARACTER-IDENTIFICATION\ACI\RELEASE\IMAGEGRAPHS.OBJ
C:\USERS\VALLET\DOCUMENTS\DEV\ANIMATION-CHARACTER-IDENTIFICATION\ACI\RELEASE\IMAGEGRAPHSTEST.OBJ
C:\USERS\VALLET\DOCUMENTS\DEV\ANIMATION-CHARACTER-IDENTIFICATION\ACI\RELEASE\KERNELS.OBJ
C:\USERS\VALLET\DOCUMENTS\DEV\ANIMATION-CHARACTER-IDENTIFICATION\ACI\RELEASE\KUWAHARAFILTER.OBJ
C:\Users\Vallet\Documents\Dev\animation-character-identification\aci\Release\link.command.1.tlog
C:\Users\Vallet\Documents\Dev\animation-character-identification\aci\Release\link.read.1.tlog
C:\Users\Vallet\Documents\Dev\animation-character-identification\aci\Release\link.write.1.tlog
C:\USERS\VALLET\DOCUMENTS\DEV\ANIMATION-CHARACTER-IDENTIFICATION\ACI\RELEASE\MAIN.OBJ
C:\Users\Vallet\Documents\Dev\animation-character-identification\aci\Release\mt.command.1.tlog
C:\Users\Vallet\Documents\Dev\animation-character-identification\aci\Release\mt.read.1.tlog
C:\Users\Vallet\Documents\Dev\animation-character-identification\aci\Release\mt.write.1.tlog
C:\USERS\VALLET\DOCUMENTS\DEV\ANIMATION-CHARACTER-IDENTIFICATION\ACI\RELEASE\SEGMENTATION.OBJ
C:\USERS\VALLET\DOCUMENTS\DEV\ANIMATION-CHARACTER-IDENTIFICATION\ACI\RELEASE\SEGMENTATIONGRAPH.OBJ
C:\USERS\VALLET\DOCUMENTS\DEV\ANIMATION-CHARACTER-IDENTIFICATION\ACI\RELEASE\SEGMENTATTRIBUTES.OBJ
C:\USERS\VALLET\DOCUMENTS\DEV\ANIMATION-CHARACTER-IDENTIFICATION\ACI\RELEASE\SEGMENTATTRIBUTESTEST.OBJ
C:\USERS\VALLET\DOCUMENTS\DEV\ANIMATION-CHARACTER-IDENTIFICATION\ACI\RELEASE\SPECTRUMDISTANCECLASSIFIER.OBJ
C:\USERS\VALLET\DOCUMENTS\DEV\ANIMATION-CHARACTER-IDENTIFICATION\ACI\RELEASE\SPECTRUMDISTANCECLASSIFIERTEST.OBJ
C:\USERS\VALLET\DOCUMENTS\DEV\ANIMATION-CHARACTER-IDENTIFICATION\ACI\RELEASE\TRAINABLESTATMODEL.OBJ
C:\USERS\VALLET\DOCUMENTS\DEV\ANIMATION-CHARACTER-IDENTIFICATION\ACI\RELEASE\TREEWALKKERNEL.OBJ
C:\USERS\VALLET\DOCUMENTS\DEV\ANIMATION-CHARACTER-IDENTIFICATION\ACI\RELEASE\UTILS.OBJ
C:\USERS\VALLET\DOCUMENTS\DEV\ANIMATION-CHARACTER-IDENTIFICATION\ACI\RELEASE\VC100.PDB
C:\USERS\VALLET\DOCUMENTS\DEV\ANIMATION-CHARACTER-IDENTIFICATION\ACI\RELEASE\WEIGHTEDGRAPH.OBJ
